  Main.cpp
  AnimatedGraphics.cpp
  Bullet.cpp
  BulletHandler.cpp
  Bunker.cpp
  CollisionManager.cpp
  Enemy.cpp
  EnemyGroupController.cpp
C:\GitHub\SDLGameProgramming\sdl2\SpaceInvader\Source_Files\EnemyGroupController.cpp(98,24): warning C4018: '<': signed 또는 unsigned가 일치하지 않습니다.
C:\GitHub\SDLGameProgramming\sdl2\SpaceInvader\Source_Files\EnemyGroupController.cpp(100,25): warning C4018: '<': signed 또는 unsigned가 일치하지 않습니다.
  GameObjectFactory.cpp
  GameOverState.cpp
  GameStateMachine.cpp
  InputController.cpp
  MainMenuState.cpp
  MenuButton.cpp
  MenuState.cpp
  PauseState.cpp
  Player.cpp
  Game.cpp
  GameObject.cpp
  PlayState.cpp
  코드를 생성하고 있습니다...
C:\GitHub\SDLGameProgramming\sdl2\SpaceInvader\Source_Files\GameStateMachine.cpp(60): warning C4715: 'GameStateMachine::getCurrentState': 모든 제어 경로에서 값을 반환하지는 않습니다.
  컴파일하고 있습니다...
  SDLGameObject.cpp
  SoundManager.cpp
  SpriteManager.cpp
  StateParser.cpp
  TextDisplay.cpp
  tinystr.cpp
  tinyxml.cpp
  tinyxmlerror.cpp
  tinyxmlparser.cpp
  Vector2D.cpp
  코드를 생성하고 있습니다...
  Space_Invader.vcxproj -> C:\GitHub\SDLGameProgramming\Debug\SpaceInvader.exe
