  App.cpp
  ClockDecor.cpp
  Config.cpp
  Conversation.cpp
  Display.cpp
  dummy.cpp
  FinalScene.cpp
  FmtTextDecor.cpp
  ImageScene.cpp
  InitScene.cpp
  IntroScene.cpp
  Layer.cpp
  Level.cpp
  LevelDecor.cpp
  main.cpp
  MainLoopScene.cpp
  MiscScene.cpp
  PagedTextDecor.cpp
  Player.cpp
  PlayerDecor.cpp
  코드를 생성하고 있습니다...
  컴파일하고 있습니다...
  PreloadScene.cpp
  RenderScene.cpp
  Res.cpp
  ResStr.cpp
  Scene.cpp
  SideScrollScene.cpp
  Sound.cpp
  SpriteMap.cpp
  StdAfx.cpp
  TextInputScene.cpp
  TitleScene.cpp
  Ttf.cpp
  TtfScene.cpp
  코드를 생성하고 있습니다...
  AdventureInSDL2.vcxproj -> C:\GitHub\SDLGameProgramming\Debug\AdventureInSDL2.exe
