
C:\GitHub\SDLGameProgramming\Debug\SDL2d.dll
C:\GitHub\SDLGameProgramming\Debug\SDL2_image.dll
C:\GitHub\SDLGameProgramming\Debug\libpng16d.dll
C:\GitHub\SDLGameProgramming\Debug\zlibd1.dll
C:\GitHub\SDLGameProgramming\Debug\jpeg62.dll
C:\GitHub\SDLGameProgramming\Debug\webpd.dll
C:\GitHub\SDLGameProgramming\Debug\SDL2_mixer.dll
C:\GitHub\SDLGameProgramming\Debug\mpg123.dll
C:\GitHub\SDLGameProgramming\Debug\FLAC.dll
C:\GitHub\SDLGameProgramming\Debug\ogg.dll
C:\GitHub\SDLGameProgramming\Debug\modplug.dll
C:\GitHub\SDLGameProgramming\Debug\vorbisfile.dll
C:\GitHub\SDLGameProgramming\Debug\vorbis.dll
C:\GitHub\SDLGameProgramming\Debug\libfluidsynth-3.dll
C:\GitHub\SDLGameProgramming\Debug\glib-2.0-0.dll
C:\GitHub\SDLGameProgramming\Debug\pcred.dll
C:\GitHub\SDLGameProgramming\Debug\intl-8.dll
C:\GitHub\SDLGameProgramming\Debug\iconv-2.dll
C:\GitHub\SDLGameProgramming\Debug\SDL2_ttf.dll
C:\GitHub\SDLGameProgramming\Debug\freetyped.dll
C:\GitHub\SDLGameProgramming\Debug\bz2d.dll
C:\GitHub\SDLGameProgramming\Debug\brotlidec.dll
C:\GitHub\SDLGameProgramming\Debug\brotlicommon.dll
