  fastmix.cpp
  load_669.cpp
  load_abc.cpp
C:\GitHub\SDLGameProgramming\sdl2\flashback\3rdparty\libmodplug\src\load_abc.cpp(1831,49): warning C4018: '<': signed 또는 unsigned가 일치하지 않습니다.
C:\GitHub\SDLGameProgramming\sdl2\flashback\3rdparty\libmodplug\src\load_abc.cpp(1837,19): warning C4018: '<': signed 또는 unsigned가 일치하지 않습니다.
C:\GitHub\SDLGameProgramming\sdl2\flashback\3rdparty\libmodplug\src\load_abc.cpp(1872,13): warning C4018: '<': signed 또는 unsigned가 일치하지 않습니다.
C:\GitHub\SDLGameProgramming\sdl2\flashback\3rdparty\libmodplug\src\load_abc.cpp(1875,15): warning C4018: '<': signed 또는 unsigned가 일치하지 않습니다.
C:\GitHub\SDLGameProgramming\sdl2\flashback\3rdparty\libmodplug\src\load_abc.cpp(3933,29): warning C4018: '<': signed 또는 unsigned가 일치하지 않습니다.
  load_amf.cpp
  load_ams.cpp
  load_dbm.cpp
  load_dmf.cpp
  load_dsm.cpp
  load_far.cpp
  load_it.cpp
C:\GitHub\SDLGameProgramming\sdl2\flashback\3rdparty\libmodplug\src\load_it.cpp(694,50): warning C4267: '=': 'size_t'에서 'WORD'(으)로 변환하면서 데이터가 손실될 수 있습니다.
  load_j2b.cpp
  load_mdl.cpp
  load_med.cpp
  load_mid.cpp
  load_mod.cpp
  load_mt2.cpp
  load_mtm.cpp
  load_okt.cpp
  load_pat.cpp
  load_psm.cpp
  코드를 생성하고 있습니다...
  컴파일하고 있습니다...
  load_ptm.cpp
  load_s3m.cpp
  load_stm.cpp
  load_ult.cpp
  load_umx.cpp
  load_wav.cpp
  load_xm.cpp
  mmcmp.cpp
  modplug.cpp
  sndfile.cpp
  sndmix.cpp
  snd_dsp.cpp
  snd_flt.cpp
  snd_fx.cpp
  collision.cpp
  cutscene.cpp
  dummy.cpp
  dynlib.cpp
  file.cpp
  fs.cpp
  코드를 생성하고 있습니다...
  컴파일하고 있습니다...
  game.cpp
C:\GitHub\SDLGameProgramming\sdl2\flashback\game.cpp(433,60): warning C4267: '인수': 'size_t'에서 'int16_t'(으)로 변환하면서 데이터가 손실될 수 있습니다.
C:\GitHub\SDLGameProgramming\sdl2\flashback\game.cpp(435,60): warning C4267: '인수': 'size_t'에서 'int16_t'(으)로 변환하면서 데이터가 손실될 수 있습니다.
C:\GitHub\SDLGameProgramming\sdl2\flashback\game.cpp(573,61): warning C4267: '인수': 'size_t'에서 'int16_t'(으)로 변환하면서 데이터가 손실될 수 있습니다.
C:\GitHub\SDLGameProgramming\sdl2\flashback\game.cpp(579,67): warning C4267: '인수': 'size_t'에서 'int16_t'(으)로 변환하면서 데이터가 손실될 수 있습니다.
C:\GitHub\SDLGameProgramming\sdl2\flashback\game.cpp(581,67): warning C4267: '인수': 'size_t'에서 'int16_t'(으)로 변환하면서 데이터가 손실될 수 있습니다.
C:\GitHub\SDLGameProgramming\sdl2\flashback\game.cpp(723,66): warning C4267: '인수': 'size_t'에서 'int16_t'(으)로 변환하면서 데이터가 손실될 수 있습니다.
C:\GitHub\SDLGameProgramming\sdl2\flashback\game.cpp(731,61): warning C4267: '인수': 'size_t'에서 'int16_t'(으)로 변환하면서 데이터가 손실될 수 있습니다.
C:\GitHub\SDLGameProgramming\sdl2\flashback\game.cpp(748,62): warning C4267: '인수': 'size_t'에서 'int16_t'(으)로 변환하면서 데이터가 손실될 수 있습니다.
C:\GitHub\SDLGameProgramming\sdl2\flashback\game.cpp(1614,66): warning C4267: '인수': 'size_t'에서 'int16_t'(으)로 변환하면서 데이터가 손실될 수 있습니다.
C:\GitHub\SDLGameProgramming\sdl2\flashback\game.cpp(1618,67): warning C4267: '인수': 'size_t'에서 'int16_t'(으)로 변환하면서 데이터가 손실될 수 있습니다.
C:\GitHub\SDLGameProgramming\sdl2\flashback\game.cpp(1632,69): warning C4267: '인수': 'size_t'에서 'int16_t'(으)로 변환하면서 데이터가 손실될 수 있습니다.
C:\GitHub\SDLGameProgramming\sdl2\flashback\game.cpp(1634,69): warning C4267: '인수': 'size_t'에서 'int16_t'(으)로 변환하면서 데이터가 손실될 수 있습니다.
  graphics.cpp
  main.cpp
  menu.cpp
  mixer.cpp
  mod_player.cpp
  ogg_player.cpp
  piege.cpp
C:\GitHub\SDLGameProgramming\sdl2\flashback\piege.cpp(319,20): warning C4309: '=': 상수 값이 잘립니다.
  resource.cpp
  resource_aba.cpp
  scaler.cpp
  screenshot.cpp
  seq_player.cpp
  sfx_player.cpp
  staticres.cpp
  systemstub_sdl.cpp
  unpack.cpp
  util.cpp
  video.cpp
  코드를 생성하고 있습니다...
  getopt.c
  flashback.vcxproj -> C:\GitHub\SDLGameProgramming\Debug\flashback.exe
